PHP Warning:  Module "mongodb" is already loaded in Unknown on line 0

Warning: Module "mongodb" is already loaded in Unknown on line 0
Starting WebSocket Server on port 8082...
WebSocket Handler Initialized
Listening for internal triggers on 127.0.0.1:8081
New connection! (114)
New connection! (145)
New connection! (148)
Connection 114 has disconnected
New connection! (153)
Connection 153 has disconnected
New connection! (156)
New connection! (159)
Connection 159 has disconnected
New connection! (162)
New connection! (165)
Internal trigger connected
Broadcasting: {"type":"quotation.created","rfqId":12,"rfqTitle":"test","rfqOwnerId":11,"company":"Brainkits","message":"New Quote for: test"}
Connection 165 has disconnected
New connection! (169)
New connection! (172)
Connection 156 has disconnected
Connection 162 has disconnected
Connection 169 has disconnected
Connection 172 has disconnected
New connection! (175)
Connection 145 has disconnected
Connection 148 has disconnected
Connection 175 has disconnected
New connection! (178)
New connection! (181)
New connection! (184)
Connection 178 has disconnected
New connection! (187)
Connection 187 has disconnected
New connection! (190)
Connection 190 has disconnected
Connection 181 has disconnected
Connection 184 has disconnected
New connection! (193)
New connection! (196)
New connection! (199)
Connection 199 has disconnected
Connection 193 has disconnected
Connection 196 has disconnected
New connection! (202)
New connection! (205)
New connection! (208)
Connection 202 has disconnected
Connection 205 has disconnected
Connection 208 has disconnected
New connection! (211)
New connection! (214)
New connection! (217)
Connection 217 has disconnected
Connection 211 has disconnected
Connection 214 has disconnected
New connection! (220)
New connection! (223)
New connection! (226)
Connection 220 has disconnected
New connection! (229)
Connection 229 has disconnected
New connection! (232)
Connection 232 has disconnected
New connection! (235)
New connection! (238)
Connection 223 has disconnected
New connection! (241)
Connection 235 has disconnected
Connection 238 has disconnected
Connection 226 has disconnected
Connection 241 has disconnected
New connection! (244)
New connection! (247)
New connection! (250)
Connection 244 has disconnected
New connection! (253)
New connection! (256)
Connection 253 has disconnected
Connection 256 has disconnected
New connection! (259)
Connection 247 has disconnected
New connection! (262)
Connection 262 has disconnected
New connection! (265)
Connection 265 has disconnected
Connection 259 has disconnected
Connection 250 has disconnected
New connection! (268)
Internal trigger connected
Broadcasting: {"type":"quotation.created","rfqId":13,"rfqTitle":"1 Ton of iron","rfqOwnerId":11,"company":"Brainkits","message":"New Quote for: 1 Ton of iron"}
Connection 268 has disconnected
New connection! (272)
New connection! (275)
Connection 272 has disconnected
Connection 275 has disconnected
New connection! (278)
New connection! (281)
New connection! (284)
Connection 281 has disconnected
Connection 278 has disconnected
Connection 284 has disconnected
New connection! (287)
New connection! (290)
New connection! (293)
Connection 287 has disconnected
Connection 290 has disconnected
Connection 293 has disconnected
New connection! (296)
New connection! (299)
New connection! (302)
Connection 296 has disconnected
New connection! (305)
Connection 299 has disconnected
New connection! (308)
New connection! (311)
Connection 305 has disconnected
Connection 308 has disconnected
Connection 311 has disconnected
Connection 302 has disconnected
New connection! (314)
New connection! (317)
New connection! (320)
Connection 320 has disconnected
Connection 317 has disconnected
Connection 314 has disconnected
New connection! (323)
New connection! (326)
New connection! (329)
Connection 323 has disconnected
Connection 326 has disconnected
Connection 329 has disconnected
New connection! (332)
New connection! (335)
New connection! (338)
Connection 335 has disconnected
New connection! (341)
Connection 338 has disconnected
New connection! (344)
Connection 344 has disconnected
New connection! (347)
Connection 332 has disconnected
Connection 341 has disconnected
Connection 347 has disconnected
New connection! (350)
New connection! (353)
New connection! (356)
Connection 350 has disconnected
New connection! (359)
New connection! (362)
Connection 356 has disconnected
New connection! (365)
Connection 365 has disconnected
New connection! (368)
Connection 368 has disconnected
New connection! (371)
Connection 371 has disconnected
New connection! (374)
Internal trigger connected
Broadcasting: {"type":"quotation.accepted","rfqId":13,"message":"Quote Accepted for: 1 Ton of iron"}
Connection 359 has disconnected
New connection! (378)
New connection! (381)
Connection 378 has disconnected
New connection! (384)
New connection! (387)
Connection 387 has disconnected
Connection 353 has disconnected
Connection 362 has disconnected
Connection 374 has disconnected
Connection 381 has disconnected
Connection 384 has disconnected
New connection! (390)
New connection! (393)
New connection! (396)
New connection! (399)
New connection! (402)
New connection! (405)
Connection 390 has disconnected
Connection 393 has disconnected
Connection 396 has disconnected
Connection 399 has disconnected
Connection 402 has disconnected
Connection 405 has disconnected
New connection! (408)
New connection! (411)
New connection! (414)
New connection! (417)
New connection! (420)
New connection! (423)
Connection 408 has disconnected
Connection 423 has disconnected
Connection 411 has disconnected
Connection 414 has disconnected
Connection 420 has disconnected
Connection 417 has disconnected
New connection! (426)
New connection! (429)
New connection! (432)
Connection 429 has disconnected
Connection 432 has disconnected
Connection 426 has disconnected
New connection! (435)
New connection! (438)
New connection! (441)
Internal trigger connected
Broadcasting: {"type":"quotation.created","rfqId":14,"rfqTitle":"laptop","rfqOwnerId":11,"company":"Brainkits","message":"New Quote for: laptop"}
Connection 438 has disconnected
New connection! (445)
New connection! (448)
Connection 448 has disconnected
New connection! (451)
New connection! (454)
Internal trigger connected
Broadcasting: {"type":"quotation.created","rfqId":14,"rfqTitle":"laptop","rfqOwnerId":11,"company":"Brainkits","message":"New Quote for: laptop"}
Connection 454 has disconnected
New connection! (458)
New connection! (461)
Connection 441 has disconnected
New connection! (464)
New connection! (467)
Connection 467 has disconnected
New connection! (470)
Connection 464 has disconnected
Connection 470 has disconnected
Connection 435 has disconnected
Connection 445 has disconnected
Connection 451 has disconnected
Connection 458 has disconnected
Connection 461 has disconnected
New connection! (473)
Internal trigger connected
Broadcasting: {"type":"quotation.created","rfqId":14,"rfqTitle":"laptop","rfqOwnerId":11,"company":"Brainkits","message":"New Quote for: laptop"}
Connection 473 has disconnected
New connection! (477)
New connection! (480)
Connection 480 has disconnected
New connection! (483)
New connection! (486)
Internal trigger connected
Broadcasting: {"type":"quotation.created","rfqId":14,"rfqTitle":"laptop","rfqOwnerId":11,"company":"Brainkits","message":"New Quote for: laptop"}
Connection 486 has disconnected
New connection! (490)
New connection! (493)
Connection 477 has disconnected
Connection 483 has disconnected
Connection 490 has disconnected
Connection 493 has disconnected
New connection! (496)
New connection! (499)
New connection! (502)
Connection 499 has disconnected
Connection 496 has disconnected
Connection 502 has disconnected
New connection! (505)
New connection! (508)
New connection! (511)
Connection 508 has disconnected
New connection! (514)
Connection 505 has disconnected
Connection 514 has disconnected
Connection 511 has disconnected
